<?xml version="1.0" encoding="UTF-8"?>
<testsuite xmlns:xsi="http://www.w3.org/2001/XMLSchema-instance" xsi:noNamespaceSchemaLocation="https://maven.apache.org/surefire/maven-surefire-plugin/xsd/surefire-test-report-3.0.xsd" version="3.0" name="com.cryptodash.config.WebSocketIntegrationTest" time="3.674" tests="1" errors="0" skipped="0" failures="0">
  <properties>
[...]
</properties>
  <testcase name="stompSubscribeToPricesReceivesMessage" classname="com.cryptodash.config.WebSocketIntegrationTest" time="0.191">
    <system-out><![CDATA[11:55:26.539 [main] INFO org.springframework.test.context.support.AnnotationConfigContextLoaderUtils -- Could not detect default configuration classes for test class [com.cryptodash.config.WebSocketIntegrationTest]: WebSocketIntegrationTest does not declare any static, non-private, non-final, nested classes annotated with @Configuration.
11:55:26.605 [main] INFO org.springframework.boot.test.context.SpringBootTestContextBootstrapper -- Found @SpringBootConfiguration com.cryptodash.CryptoDashApplication for test class com.cryptodash.config.WebSocketIntegrationTest

  .   ____          _            __ _ _
 /\\ / ___'_ __ _ _(_)_ __  __ _ \ \ \ \
( ( )\___ | '_ | '_| | '_ \/ _` | \ \ \ \
 \\/  ___)| |_)| | | | | || (_| |  ) ) ) )
  '  |____| .__|_| |_|_| |_\__, | / / / /
 =========|_|==============|___/=/_/_/_/
 :: Spring Boot ::                (v3.2.0)

2026-02-27T11:55:26.798+01:00  INFO 26048 --- [           main] c.c.config.WebSocketIntegrationTest      : Starting WebSocketIntegrationTest using Java 25 with PID 26048 (started by adriencrepel in /Users/adriencrepel/Downloads/CryptoDash/backend)
2026-02-27T11:55:26.798+01:00  INFO 26048 --- [           main] c.c.config.WebSocketIntegrationTest      : No active profile set, falling back to 1 default profile: "default"
2026-02-27T11:55:27.201+01:00  INFO 26048 --- [           main] .s.d.r.c.RepositoryConfigurationDelegate : Bootstrapping Spring Data JPA repositories in DEFAULT mode.
2026-02-27T11:55:27.244+01:00  INFO 26048 --- [           main] .s.d.r.c.RepositoryConfigurationDelegate : Finished Spring Data repository scanning in 39 ms. Found 6 JPA repository interfaces.
2026-02-27T11:55:27.570+01:00  INFO 26048 --- [           main] o.s.b.w.embedded.tomcat.TomcatWebServer  : Tomcat initialized with port 0 (http)
2026-02-27T11:55:27.575+01:00  INFO 26048 --- [           main] o.apache.catalina.core.StandardService   : Starting service [Tomcat]
2026-02-27T11:55:27.575+01:00  INFO 26048 --- [           main] o.apache.catalina.core.StandardEngine    : Starting Servlet engine: [Apache Tomcat/10.1.16]
2026-02-27T11:55:27.600+01:00  INFO 26048 --- [           main] o.a.c.c.C.[Tomcat].[localhost].[/]       : Initializing Spring embedded WebApplicationContext
2026-02-27T11:55:27.600+01:00  INFO 26048 --- [           main] w.s.c.ServletWebServerApplicationContext : Root WebApplicationContext: initialization completed in 793 ms
2026-02-27T11:55:27.672+01:00  INFO 26048 --- [           main] com.zaxxer.hikari.HikariDataSource       : HikariPool-1 - Starting...
2026-02-27T11:55:27.770+01:00  INFO 26048 --- [           main] com.zaxxer.hikari.pool.HikariPool        : HikariPool-1 - Added connection conn0: url=jdbc:h2:mem:465eb853-7b0a-40e9-a730-dfd8984a96aa user=SA
2026-02-27T11:55:27.771+01:00  INFO 26048 --- [           main] com.zaxxer.hikari.HikariDataSource       : HikariPool-1 - Start completed.
2026-02-27T11:55:27.796+01:00  INFO 26048 --- [           main] o.hibernate.jpa.internal.util.LogHelper  : HHH000204: Processing PersistenceUnitInfo [name: default]
2026-02-27T11:55:27.825+01:00  INFO 26048 --- [           main] org.hibernate.Version                    : HHH000412: Hibernate ORM core version 6.3.1.Final
2026-02-27T11:55:27.844+01:00  INFO 26048 --- [           main] o.h.c.internal.RegionFactoryInitiator    : HHH000026: Second-level cache disabled
2026-02-27T11:55:27.949+01:00  INFO 26048 --- [           main] o.s.o.j.p.SpringPersistenceUnitInfo      : No LoadTimeWeaver setup: ignoring JPA class transformer
2026-02-27T11:55:28.403+01:00  INFO 26048 --- [           main] o.h.e.t.j.p.i.JtaPlatformInitiator       : HHH000489: No JTA platform available (set 'hibernate.transaction.jta.platform' to enable JTA platform integration)
2026-02-27T11:55:28.430+01:00  INFO 26048 --- [           main] j.LocalContainerEntityManagerFactoryBean : Initialized JPA EntityManagerFactory for persistence unit 'default'
2026-02-27T11:55:28.716+01:00  INFO 26048 --- [           main] com.cryptodash.service.PriceService      : Loading initial prices for 1 symbols from CoinGecko...
2026-02-27T11:55:29.271+01:00  INFO 26048 --- [           main] com.cryptodash.service.PriceService      : Successfully loaded 1 initial prices
2026-02-27T11:55:29.272+01:00  INFO 26048 --- [           main] com.cryptodash.service.PriceService      : Connecting to Binance WebSocket (1 symbols)...
2026-02-27T11:55:29.272+01:00  INFO 26048 --- [           main] com.cryptodash.service.PriceService      : Full WebSocket URI: wss://stream.binance.com:9443/ws/!ticker@arr
2026-02-27T11:55:29.341+01:00  INFO 26048 --- [           main] o.s.d.j.r.query.QueryEnhancerFactory     : Hibernate is in classpath; If applicable, HQL parser will be used.
2026-02-27T11:55:29.554+01:00  WARN 26048 --- [           main] JpaBaseConfiguration$JpaWebConfiguration : spring.jpa.open-in-view is enabled by default. Therefore, database queries may be performed during view rendering. Explicitly configure spring.jpa.open-in-view to disable this warning
2026-02-27T11:55:29.562+01:00  WARN 26048 --- [           main] .s.s.UserDetailsServiceAutoConfiguration : 

Using generated security password: 77be9fb4-9b3b-49b6-9061-b73b7aa1d237

This generated password is for development use only. Your security configuration must be updated before running your application in production.

2026-02-27T11:55:29.709+01:00  INFO 26048 --- [           main] o.s.s.web.DefaultSecurityFilterChain     : Will secure any request with [org.springframework.security.web.session.DisableEncodeUrlFilter@1638fa8b, org.springframework.security.web.context.request.async.WebAsyncManagerIntegrationFilter@1b60c196, org.springframework.security.web.context.SecurityContextHolderFilter@7f2163d3, org.springframework.security.web.header.HeaderWriterFilter@b1fccca, org.springframework.web.filter.CorsFilter@1c7aa676, org.springframework.security.web.authentication.logout.LogoutFilter@6fad6743, com.cryptodash.security.JwtAuthenticationFilter@15369d73, org.springframework.security.web.savedrequest.RequestCacheAwareFilter@57404a8d, org.springframework.security.web.servletapi.SecurityContextHolderAwareRequestFilter@337f6716, org.springframework.security.web.authentication.AnonymousAuthenticationFilter@fa200ab, org.springframework.security.web.session.SessionManagementFilter@2763500e, org.springframework.security.web.access.ExceptionTranslationFilter@33684b87, org.springframework.security.web.access.intercept.AuthorizationFilter@bb0dcb6]
2026-02-27T11:55:29.915+01:00  INFO 26048 --- [           main] o.s.b.w.embedded.tomcat.TomcatWebServer  : Tomcat started on port 65492 (http) with context path ''
2026-02-27T11:55:29.916+01:00  INFO 26048 --- [           main] o.s.m.s.b.SimpleBrokerMessageHandler     : Starting...
2026-02-27T11:55:29.916+01:00  INFO 26048 --- [           main] o.s.m.s.b.SimpleBrokerMessageHandler     : BrokerAvailabilityEvent[available=true, SimpleBrokerMessageHandler [org.springframework.messaging.simp.broker.DefaultSubscriptionRegistry@1d123972]]
2026-02-27T11:55:29.916+01:00  INFO 26048 --- [           main] o.s.m.s.b.SimpleBrokerMessageHandler     : Started.
2026-02-27T11:55:29.922+01:00  INFO 26048 --- [           main] c.c.config.WebSocketIntegrationTest      : Started WebSocketIntegrationTest in 3.257 seconds (process running for 3.915)
2026-02-27T11:55:29.985+01:00  INFO 26048 --- [o-auto-1-exec-1] o.a.c.c.C.[Tomcat].[localhost].[/]       : Initializing Spring DispatcherServlet 'dispatcherServlet'
2026-02-27T11:55:29.985+01:00  INFO 26048 --- [o-auto-1-exec-1] o.s.web.servlet.DispatcherServlet        : Initializing Servlet 'dispatcherServlet'
2026-02-27T11:55:29.986+01:00  INFO 26048 --- [o-auto-1-exec-1] o.s.web.servlet.DispatcherServlet        : Completed initialization in 1 ms
2026-02-27T11:55:29.990+01:00  WARN 26048 --- [o-auto-1-exec-1] o.s.w.s.h.HandlerMappingIntrospector     : Cache miss for REQUEST dispatch to '/ws/info' (previous null). Performing CorsConfiguration lookup. This is logged once only at WARN level, and every time at TRACE.
2026-02-27T11:55:29.994+01:00  WARN 26048 --- [o-auto-1-exec-1] o.s.w.s.h.HandlerMappingIntrospector     : Cache miss for REQUEST dispatch to '/ws/info' (previous null). Performing MatchableHandlerMapping lookup. This is logged once only at WARN level, and every time at TRACE.
2026-02-27T11:55:30.057+01:00  INFO 26048 --- [o-auto-1-exec-4] com.cryptodash.service.PriceService      : New subscriber to prices, sending current 1 prices
]]></system-out>
  </testcase>
</testsuite>